<?xml version="1.0" encoding="UTF-8"?>
<!-- Generated by org.testng.reporters.JUnitXMLReporter -->
<testsuite ignored="2" hostname="DESKTOP-Q8TTMMF" failures="0" tests="2" name="Test" time="10.1" errors="0" timestamp="2024-11-20T14:31:37 IST">
  <testcase classname="Seleniumpriority.Prioritydemo" name="login" time="6.64"/>
  <testcase classname="Seleniumpriority.Prioritydemo" name="logout" time="3.205"/>
  <testcase classname="Seleniumpriority.Prioritydemo" name="searchleave" time="0.0">
    <ignored/>
  </testcase> <!-- searchleave -->
  <testcase classname="Seleniumpriority.Prioritydemo" name="mlosea" time="0.0">
    <ignored/>
  </testcase> <!-- mlosea -->
</testsuite> <!-- Test -->
