<?xml version="1.0" encoding="UTF-8"?>
<testng-results ignored="0" total="2" passed="2" failed="0" skipped="0">
  <reporter-output>
  </reporter-output>
  <suite started-at="2024-11-20T14:03:15 IST" name="Suite" finished-at="2024-11-20T14:03:25 IST" duration-ms="10364">
    <groups>
    </groups>
    <test started-at="2024-11-20T14:03:15 IST" name="Test" finished-at="2024-11-20T14:03:25 IST" duration-ms="10364">
      <class name="Seleniumpriority.Prioritydemo">
        <test-method signature="login()[pri:1, instance:Seleniumpriority.Prioritydemo@119020fb]" started-at="2024-11-20T14:03:15 IST" name="login" finished-at="2024-11-20T14:03:21 IST" duration-ms="6471" status="PASS">
          <reporter-output>
          </reporter-output>
        </test-method> <!-- login -->
        <test-method signature="logout()[pri:3, instance:Seleniumpriority.Prioritydemo@119020fb]" started-at="2024-11-20T14:03:21 IST" name="logout" finished-at="2024-11-20T14:03:25 IST" duration-ms="3769" status="PASS">
          <reporter-output>
          </reporter-output>
        </test-method> <!-- logout -->
      </class> <!-- Seleniumpriority.Prioritydemo -->
    </test> <!-- Test -->
  </suite> <!-- Suite -->
</testng-results>
